IP Generator (Version 2022.1 build 99559)
Check out license ...
Start generating at 2024-10-10 21:30
Instance: cos_gen (D:\VProjects\MSM\ipcore\cos_gen\cos_gen.idf)
IP: Distributed ROM (1.3)
Part: Logos-PGL50H-FBG484--6
Create directory 'rtl' ...
Copy 'rtl\ipm_distributed_rom_v1_3.v.xml' to 'rtl' ...
Compile file 'rtl\ipm_distributed_rom_v1_3.v.xml' to 'rtl\ipm_distributed_rom_v1_3_cos_gen.v' ...
Copy 'ipm_distributed_rom_wrapper_v1_3.v.xml' ...
Copy 'ipm_distributed_rom_wrapper_v1_3_tb.v.xml' ...
Copy 'init_param_bin_exmp.dat' ...
Copy 'init_param_hex_exmp.dat' ...
Compile file 'ipm_distributed_rom_wrapper_v1_3.v.xml' to 'cos_gen.v' ...
Found top module 'cos_gen' in file 'cos_gen.v'.
Compile file 'ipm_distributed_rom_wrapper_v1_3_tb.v.xml' to 'cos_gen_tb.v' ...
Create template file 'cos_gen_tmpl.v' ...
Create template file 'cos_gen_tmpl.vhdl' ...
There are 2 source files to synthesize.
Synthesis is disabled.
Done: 0 error(s), 0 warning(s)
